<?xml version="1.0" encoding="UTF-8"?>
<!-- Generated by org.testng.reporters.JUnitReportReporter -->
<testsuite hostname="Monkey-HP" failures="0" tests="3" name="com.automationtalks.ui.UITest1" time="7.628" errors="0" timestamp="2024-12-28T18:00:54 PST" skipped="0">
  <testcase classname="com.automationtalks.ui.UITest1" name="Test3" time="1.960"/>
  <testcase classname="com.automationtalks.ui.UITest1" name="Test2" time="1.973"/>
  <testcase classname="com.automationtalks.ui.UITest1" name="Test1" time="3.695"/>
</testsuite> <!-- com.automationtalks.ui.UITest1 -->
